📦 Upload → [Properties] (no key)
⚠️ create failed (attempt 1/3): ('422 Client Error: Unprocessable Entity for url: https://api.airtable.com/v0/app3Aa7p8C1dOZAyc/Properties', '{\'type\': \'INVALID_VALUE_FOR_COLUMN\', \'message\': \'Field "Estimated Value" cannot accept the provided value\'}')
⚠️ create failed (attempt 2/3): ('422 Client Error: Unprocessable Entity for url: https://api.airtable.com/v0/app3Aa7p8C1dOZAyc/Properties', '{\'type\': \'INVALID_VALUE_FOR_COLUMN\', \'message\': \'Field "Estimated Value" cannot accept the provided value\'}')
⚠️ create failed (attempt 3/3): ('422 Client Error: Unprocessable Entity for url: https://api.airtable.com/v0/app3Aa7p8C1dOZAyc/Properties', '{\'type\': \'INVALID_VALUE_FOR_COLUMN\', \'message\': \'Field "Estimated Value" cannot accept the provided value\'}')
❌ Upload failed → [Properties] (no key)
📦 Upload → [Properties] (no key)
⚠️ create failed (attempt 1/3): ('422 Client Error: Unprocessable Entity for url: https://api.airtable.com/v0/app3Aa7p8C1dOZAyc/Properties', '{\'type\': \'INVALID_VALUE_FOR_COLUMN\', \'message\': \'Field "Estimated Value" cannot accept the provided value\'}')
⚠️ create failed (attempt 2/3): ('422 Client Error: Unprocessable Entity for url: https://api.airtable.com/v0/app3Aa7p8C1dOZAyc/Properties', '{\'type\': \'INVALID_VALUE_FOR_COLUMN\', \'message\': \'Field "Estimated Value" cannot accept the provided value\'}')
⚠️ create failed (attempt 3/3): ('422 Client Error: Unprocessable Entity for url: https://api.airtable.com/v0/app3Aa7p8C1dOZAyc/Properties', '{\'type\': \'INVALID_VALUE_FOR_COLUMN\', \'message\': \'Field "Estimated Value" cannot accept the provided value\'}')
❌ Upload failed → [Properties] (no key)
📦 Upload → [Properties] (no key)
⚠️ create failed (attempt 1/3): ('422 Client Error: Unprocessable Entity for url: https://api.airtable.com/v0/app3Aa7p8C1dOZAyc/Properties', '{\'type\': \'INVALID_VALUE_FOR_COLUMN\', \'message\': \'Field "Estimated Value" cannot accept the provided value\'}')
⚠️ create failed (attempt 2/3): ('422 Client Error: Unprocessable Entity for url: https://api.airtable.com/v0/app3Aa7p8C1dOZAyc/Properties', '{\'type\': \'INVALID_VALUE_FOR_COLUMN\', \'message\': \'Field "Estimated Value" cannot accept the provided value\'}')
⚠️ create failed (attempt 3/3): ('422 Client Error: Unprocessable Entity for url: https://api.airtable.com/v0/app3Aa7p8C1dOZAyc/Properties', '{\'type\': \'INVALID_VALUE_FOR_COLUMN\', \'message\': \'Field "Estimated Value" cannot accept the provided value\'}')
❌ Upload failed → [Properties] (no key)
📦 Upload → [Properties] (no key)
⚠️ create failed (attempt 1/3): ('422 Client Error: Unprocessable Entity for url: https://api.airtable.com/v0/app3Aa7p8C1dOZAyc/Properties', '{\'type\': \'INVALID_VALUE_FOR_COLUMN\', \'message\': \'Field "Estimated Value" cannot accept the provided value\'}')
⚠️ create failed (attempt 2/3): ('422 Client Error: Unprocessable Entity for url: https://api.airtable.com/v0/app3Aa7p8C1dOZAyc/Properties', '{\'type\': \'INVALID_VALUE_FOR_COLUMN\', \'message\': \'Field "Estimated Value" cannot accept the provided value\'}')
⚠️ create failed (attempt 3/3): ('422 Client Error: Unprocessable Entity for url: https://api.airtable.com/v0/app3Aa7p8C1dOZAyc/Properties', '{\'type\': \'INVALID_VALUE_FOR_COLUMN\', \'message\': \'Field "Estimated Value" cannot accept the provided value\'}')
❌ Upload failed → [Properties] (no key)
📦 Upload → [Properties] (no key)
⚠️ create failed (attempt 1/3): ('422 Client Error: Unprocessable Entity for url: https://api.airtable.com/v0/app3Aa7p8C1dOZAyc/Properties', '{\'type\': \'INVALID_VALUE_FOR_COLUMN\', \'message\': \'Field "Estimated Value" cannot accept the provided value\'}')
⚠️ create failed (attempt 2/3): ('422 Client Error: Unprocessable Entity for url: https://api.airtable.com/v0/app3Aa7p8C1dOZAyc/Properties', '{\'type\': \'INVALID_VALUE_FOR_COLUMN\', \'message\': \'Field "Estimated Value" cannot accept the provided value\'}')
⚠️ create failed (attempt 3/3): ('422 Client Error: Unprocessable Entity for url: https://api.airtable.com/v0/app3Aa7p8C1dOZAyc/Properties', '{\'type\': \'INVALID_VALUE_FOR_COLUMN\', \'message\': \'Field "Estimated Value" cannot accept the provided value\'}')
❌ Upload failed → [Properties] (no key)
📦 Upload → [Properties] (no key)
⚠️ create failed (attempt 1/3): ('422 Client Error: Unprocessable Entity for url: https://api.airtable.com/v0/app3Aa7p8C1dOZAyc/Properties', '{\'type\': \'INVALID_VALUE_FOR_COLUMN\', \'message\': \'Field "Estimated Value" cannot accept the provided value\'}')
⚠️ create failed (attempt 2/3): ('422 Client Error: Unprocessable Entity for url: https://api.airtable.com/v0/app3Aa7p8C1dOZAyc/Properties', '{\'type\': \'INVALID_VALUE_FOR_COLUMN\', \'message\': \'Field "Estimated Value" cannot accept the provided value\'}')
⚠️ create failed (attempt 3/3): ('422 Client Error: Unprocessable Entity for url: https://api.airtable.com/v0/app3Aa7p8C1dOZAyc/Properties', '{\'type\': \'INVALID_VALUE_FOR_COLUMN\', \'message\': \'Field "Estimated Value" cannot accept the provided value\'}')
❌ Upload failed → [Properties] (no key)
📦 Upload → [Properties] (no key)
⚠️ create failed (attempt 1/3): ('422 Client Error: Unprocessable Entity for url: https://api.airtable.com/v0/app3Aa7p8C1dOZAyc/Properties', '{\'type\': \'INVALID_VALUE_FOR_COLUMN\', \'message\': \'Field "Estimated Value" cannot accept the provided value\'}')
⚠️ create failed (attempt 2/3): ('422 Client Error: Unprocessable Entity for url: https://api.airtable.com/v0/app3Aa7p8C1dOZAyc/Properties', '{\'type\': \'INVALID_VALUE_FOR_COLUMN\', \'message\': \'Field "Estimated Value" cannot accept the provided value\'}')
⚠️ create failed (attempt 3/3): ('422 Client Error: Unprocessable Entity for url: https://api.airtable.com/v0/app3Aa7p8C1dOZAyc/Properties', '{\'type\': \'INVALID_VALUE_FOR_COLUMN\', \'message\': \'Field "Estimated Value" cannot accept the provided value\'}')
❌ Upload failed → [Properties] (no key)
📦 Upload → [Properties] (no key)
⚠️ create failed (attempt 1/3): ('422 Client Error: Unprocessable Entity for url: https://api.airtable.com/v0/app3Aa7p8C1dOZAyc/Properties', '{\'type\': \'INVALID_VALUE_FOR_COLUMN\', \'message\': \'Field "Estimated Value" cannot accept the provided value\'}')
⚠️ create failed (attempt 2/3): ('422 Client Error: Unprocessable Entity for url: https://api.airtable.com/v0/app3Aa7p8C1dOZAyc/Properties', '{\'type\': \'INVALID_VALUE_FOR_COLUMN\', \'message\': \'Field "Estimated Value" cannot accept the provided value\'}')
⚠️ create failed (attempt 3/3): ('422 Client Error: Unprocessable Entity for url: https://api.airtable.com/v0/app3Aa7p8C1dOZAyc/Properties', '{\'type\': \'INVALID_VALUE_FOR_COLUMN\', \'message\': \'Field "Estimated Value" cannot accept the provided value\'}')
❌ Upload failed → [Properties] (no key)
📦 Upload → [Properties] (no key)
⚠️ create failed (attempt 1/3): ('422 Client Error: Unprocessable Entity for url: https://api.airtable.com/v0/app3Aa7p8C1dOZAyc/Properties', '{\'type\': \'INVALID_VALUE_FOR_COLUMN\', \'message\': \'Field "Estimated Value" cannot accept the provided value\'}')
⚠️ create failed (attempt 2/3): ('422 Client Error: Unprocessable Entity for url: https://api.airtable.com/v0/app3Aa7p8C1dOZAyc/Properties', '{\'type\': \'INVALID_VALUE_FOR_COLUMN\', \'message\': \'Field "Estimated Value" cannot accept the provided value\'}')
⚠️ create failed (attempt 3/3): ('422 Client Error: Unprocessable Entity for url: https://api.airtable.com/v0/app3Aa7p8C1dOZAyc/Properties', '{\'type\': \'INVALID_VALUE_FOR_COLUMN\', \'message\': \'Field "Estimated Value" cannot accept the provided value\'}')
❌ Upload failed → [Properties] (no key)
📦 Upload → [Properties] (no key)
⚠️ create failed (attempt 1/3): ('422 Client Error: Unprocessable Entity for url: https://api.airtable.com/v0/app3Aa7p8C1dOZAyc/Properties', '{\'type\': \'INVALID_VALUE_FOR_COLUMN\', \'message\': \'Field "Estimated Value" cannot accept the provided value\'}')
⚠️ create failed (attempt 2/3): ('422 Client Error: Unprocessable Entity for url: https://api.airtable.com/v0/app3Aa7p8C1dOZAyc/Properties', '{\'type\': \'INVALID_VALUE_FOR_COLUMN\', \'message\': \'Field "Estimated Value" cannot accept the provided value\'}')
⚠️ create failed (attempt 3/3): ('422 Client Error: Unprocessable Entity for url: https://api.airtable.com/v0/app3Aa7p8C1dOZAyc/Properties', '{\'type\': \'INVALID_VALUE_FOR_COLUMN\', \'message\': \'Field "Estimated Value" cannot accept the provided value\'}')
❌ Upload failed → [Properties] (no key)
📦 Upload → [Properties] (no key)
⚠️ create failed (attempt 1/3): ('422 Client Error: Unprocessable Entity for url: https://api.airtable.com/v0/app3Aa7p8C1dOZAyc/Properties', '{\'type\': \'INVALID_VALUE_FOR_COLUMN\', \'message\': \'Field "Estimated Value" cannot accept the provided value\'}')
⚠️ create failed (attempt 2/3): ('422 Client Error: Unprocessable Entity for url: https://api.airtable.com/v0/app3Aa7p8C1dOZAyc/Properties', '{\'type\': \'INVALID_VALUE_FOR_COLUMN\', \'message\': \'Field "Estimated Value" cannot accept the provided value\'}')
⚠️ create failed (attempt 3/3): ('422 Client Error: Unprocessable Entity for url: https://api.airtable.com/v0/app3Aa7p8C1dOZAyc/Properties', '{\'type\': \'INVALID_VALUE_FOR_COLUMN\', \'message\': \'Field "Estimated Value" cannot accept the provided value\'}')
❌ Upload failed → [Properties] (no key)
📦 Upload → [Properties] (no key)
⚠️ create failed (attempt 1/3): ('422 Client Error: Unprocessable Entity for url: https://api.airtable.com/v0/app3Aa7p8C1dOZAyc/Properties', '{\'type\': \'INVALID_VALUE_FOR_COLUMN\', \'message\': \'Field "Estimated Value" cannot accept the provided value\'}')
⚠️ create failed (attempt 2/3): ('422 Client Error: Unprocessable Entity for url: https://api.airtable.com/v0/app3Aa7p8C1dOZAyc/Properties', '{\'type\': \'INVALID_VALUE_FOR_COLUMN\', \'message\': \'Field "Estimated Value" cannot accept the provided value\'}')
⚠️ create failed (attempt 3/3): ('422 Client Error: Unprocessable Entity for url: https://api.airtable.com/v0/app3Aa7p8C1dOZAyc/Properties', '{\'type\': \'INVALID_VALUE_FOR_COLUMN\', \'message\': \'Field "Estimated Value" cannot accept the provided value\'}')
❌ Upload failed → [Properties] (no key)
📦 Upload → [Properties] (no key)
⚠️ create failed (attempt 1/3): ('422 Client Error: Unprocessable Entity for url: https://api.airtable.com/v0/app3Aa7p8C1dOZAyc/Properties', '{\'type\': \'INVALID_VALUE_FOR_COLUMN\', \'message\': \'Field "Estimated Value" cannot accept the provided value\'}')
⚠️ create failed (attempt 2/3): ('422 Client Error: Unprocessable Entity for url: https://api.airtable.com/v0/app3Aa7p8C1dOZAyc/Properties', '{\'type\': \'INVALID_VALUE_FOR_COLUMN\', \'message\': \'Field "Estimated Value" cannot accept the provided value\'}')
⚠️ create failed (attempt 3/3): ('422 Client Error: Unprocessable Entity for url: https://api.airtable.com/v0/app3Aa7p8C1dOZAyc/Properties', '{\'type\': \'INVALID_VALUE_FOR_COLUMN\', \'message\': \'Field "Estimated Value" cannot accept the provided value\'}')
❌ Upload failed → [Properties] (no key)
📦 Upload → [Properties] (no key)
⚠️ create failed (attempt 1/3): ('422 Client Error: Unprocessable Entity for url: https://api.airtable.com/v0/app3Aa7p8C1dOZAyc/Properties', '{\'type\': \'INVALID_VALUE_FOR_COLUMN\', \'message\': \'Field "Estimated Value" cannot accept the provided value\'}')
⚠️ create failed (attempt 2/3): ('422 Client Error: Unprocessable Entity for url: https://api.airtable.com/v0/app3Aa7p8C1dOZAyc/Properties', '{\'type\': \'INVALID_VALUE_FOR_COLUMN\', \'message\': \'Field "Estimated Value" cannot accept the provided value\'}')
⚠️ create failed (attempt 3/3): ('422 Client Error: Unprocessable Entity for url: https://api.airtable.com/v0/app3Aa7p8C1dOZAyc/Properties', '{\'type\': \'INVALID_VALUE_FOR_COLUMN\', \'message\': \'Field "Estimated Value" cannot accept the provided value\'}')
❌ Upload failed → [Properties] (no key)
📦 Upload → [Properties] (no key)
⚠️ create failed (attempt 1/3): ('422 Client Error: Unprocessable Entity for url: https://api.airtable.com/v0/app3Aa7p8C1dOZAyc/Properties', '{\'type\': \'INVALID_VALUE_FOR_COLUMN\', \'message\': \'Field "Estimated Value" cannot accept the provided value\'}')
⚠️ create failed (attempt 2/3): ('422 Client Error: Unprocessable Entity for url: https://api.airtable.com/v0/app3Aa7p8C1dOZAyc/Properties', '{\'type\': \'INVALID_VALUE_FOR_COLUMN\', \'message\': \'Field "Estimated Value" cannot accept the provided value\'}')
⚠️ create failed (attempt 3/3): ('422 Client Error: Unprocessable Entity for url: https://api.airtable.com/v0/app3Aa7p8C1dOZAyc/Properties', '{\'type\': \'INVALID_VALUE_FOR_COLUMN\', \'message\': \'Field "Estimated Value" cannot accept the provided value\'}')
❌ Upload failed → [Properties] (no key)
📦 Upload → [Properties] (no key)
⚠️ create failed (attempt 1/3): ('422 Client Error: Unprocessable Entity for url: https://api.airtable.com/v0/app3Aa7p8C1dOZAyc/Properties', '{\'type\': \'INVALID_VALUE_FOR_COLUMN\', \'message\': \'Field "Estimated Value" cannot accept the provided value\'}')
⚠️ create failed (attempt 2/3): ('422 Client Error: Unprocessable Entity for url: https://api.airtable.com/v0/app3Aa7p8C1dOZAyc/Properties', '{\'type\': \'INVALID_VALUE_FOR_COLUMN\', \'message\': \'Field "Estimated Value" cannot accept the provided value\'}')
⚠️ create failed (attempt 3/3): ('422 Client Error: Unprocessable Entity for url: https://api.airtable.com/v0/app3Aa7p8C1dOZAyc/Properties', '{\'type\': \'INVALID_VALUE_FOR_COLUMN\', \'message\': \'Field "Estimated Value" cannot accept the provided value\'}')
❌ Upload failed → [Properties] (no key)
📦 Upload → [Properties] (no key)
⚠️ create failed (attempt 1/3): ('422 Client Error: Unprocessable Entity for url: https://api.airtable.com/v0/app3Aa7p8C1dOZAyc/Properties', '{\'type\': \'INVALID_VALUE_FOR_COLUMN\', \'message\': \'Field "Estimated Value" cannot accept the provided value\'}')
⚠️ create failed (attempt 2/3): ('422 Client Error: Unprocessable Entity for url: https://api.airtable.com/v0/app3Aa7p8C1dOZAyc/Properties', '{\'type\': \'INVALID_VALUE_FOR_COLUMN\', \'message\': \'Field "Estimated Value" cannot accept the provided value\'}')
⚠️ create failed (attempt 3/3): ('422 Client Error: Unprocessable Entity for url: https://api.airtable.com/v0/app3Aa7p8C1dOZAyc/Properties', '{\'type\': \'INVALID_VALUE_FOR_COLUMN\', \'message\': \'Field "Estimated Value" cannot accept the provided value\'}')
❌ Upload failed → [Properties] (no key)
📦 Upload → [Properties] (no key)
⚠️ create failed (attempt 1/3): ('422 Client Error: Unprocessable Entity for url: https://api.airtable.com/v0/app3Aa7p8C1dOZAyc/Properties', '{\'type\': \'INVALID_VALUE_FOR_COLUMN\', \'message\': \'Field "Estimated Value" cannot accept the provided value\'}')
⚠️ create failed (attempt 2/3): ('422 Client Error: Unprocessable Entity for url: https://api.airtable.com/v0/app3Aa7p8C1dOZAyc/Properties', '{\'type\': \'INVALID_VALUE_FOR_COLUMN\', \'message\': \'Field "Estimated Value" cannot accept the provided value\'}')
⚠️ create failed (attempt 3/3): ('422 Client Error: Unprocessable Entity for url: https://api.airtable.com/v0/app3Aa7p8C1dOZAyc/Properties', '{\'type\': \'INVALID_VALUE_FOR_COLUMN\', \'message\': \'Field "Estimated Value" cannot accept the provided value\'}')
❌ Upload failed → [Properties] (no key)
📦 Upload → [Properties] (no key)
⚠️ create failed (attempt 1/3): ('422 Client Error: Unprocessable Entity for url: https://api.airtable.com/v0/app3Aa7p8C1dOZAyc/Properties', '{\'type\': \'INVALID_VALUE_FOR_COLUMN\', \'message\': \'Field "Estimated Value" cannot accept the provided value\'}')
⚠️ create failed (attempt 2/3): ('422 Client Error: Unprocessable Entity for url: https://api.airtable.com/v0/app3Aa7p8C1dOZAyc/Properties', '{\'type\': \'INVALID_VALUE_FOR_COLUMN\', \'message\': \'Field "Estimated Value" cannot accept the provided value\'}')
⚠️ create failed (attempt 3/3): ('422 Client Error: Unprocessable Entity for url: https://api.airtable.com/v0/app3Aa7p8C1dOZAyc/Properties', '{\'type\': \'INVALID_VALUE_FOR_COLUMN\', \'message\': \'Field "Estimated Value" cannot accept the provided value\'}')
❌ Upload failed → [Properties] (no key)
📦 Upload → [Properties] (no key)
⚠️ create failed (attempt 1/3): ('422 Client Error: Unprocessable Entity for url: https://api.airtable.com/v0/app3Aa7p8C1dOZAyc/Properties', '{\'type\': \'INVALID_VALUE_FOR_COLUMN\', \'message\': \'Field "Estimated Value" cannot accept the provided value\'}')
⚠️ create failed (attempt 2/3): ('422 Client Error: Unprocessable Entity for url: https://api.airtable.com/v0/app3Aa7p8C1dOZAyc/Properties', '{\'type\': \'INVALID_VALUE_FOR_COLUMN\', \'message\': \'Field "Estimated Value" cannot accept the provided value\'}')
⚠️ create failed (attempt 3/3): ('422 Client Error: Unprocessable Entity for url: https://api.airtable.com/v0/app3Aa7p8C1dOZAyc/Properties', '{\'type\': \'INVALID_VALUE_FOR_COLUMN\', \'message\': \'Field "Estimated Value" cannot accept the provided value\'}')
❌ Upload failed → [Properties] (no key)
📦 Upload → [Properties] (no key)
⚠️ create failed (attempt 1/3): ('422 Client Error: Unprocessable Entity for url: https://api.airtable.com/v0/app3Aa7p8C1dOZAyc/Properties', '{\'type\': \'INVALID_VALUE_FOR_COLUMN\', \'message\': \'Field "Estimated Value" cannot accept the provided value\'}')
⚠️ create failed (attempt 2/3): ('422 Client Error: Unprocessable Entity for url: https://api.airtable.com/v0/app3Aa7p8C1dOZAyc/Properties', '{\'type\': \'INVALID_VALUE_FOR_COLUMN\', \'message\': \'Field "Estimated Value" cannot accept the provided value\'}')
⚠️ create failed (attempt 3/3): ('422 Client Error: Unprocessable Entity for url: https://api.airtable.com/v0/app3Aa7p8C1dOZAyc/Properties', '{\'type\': \'INVALID_VALUE_FOR_COLUMN\', \'message\': \'Field "Estimated Value" cannot accept the provided value\'}')
❌ Upload failed → [Properties] (no key)
📦 Upload → [Properties] (no key)
⚠️ create failed (attempt 1/3): ('422 Client Error: Unprocessable Entity for url: https://api.airtable.com/v0/app3Aa7p8C1dOZAyc/Properties', '{\'type\': \'INVALID_VALUE_FOR_COLUMN\', \'message\': \'Field "Estimated Value" cannot accept the provided value\'}')
⚠️ create failed (attempt 2/3): ('422 Client Error: Unprocessable Entity for url: https://api.airtable.com/v0/app3Aa7p8C1dOZAyc/Properties', '{\'type\': \'INVALID_VALUE_FOR_COLUMN\', \'message\': \'Field "Estimated Value" cannot accept the provided value\'}')
⚠️ create failed (attempt 3/3): ('422 Client Error: Unprocessable Entity for url: https://api.airtable.com/v0/app3Aa7p8C1dOZAyc/Properties', '{\'type\': \'INVALID_VALUE_FOR_COLUMN\', \'message\': \'Field "Estimated Value" cannot accept the provided value\'}')
❌ Upload failed → [Properties] (no key)
📦 Upload → [Properties] (no key)
⚠️ create failed (attempt 1/3): ('422 Client Error: Unprocessable Entity for url: https://api.airtable.com/v0/app3Aa7p8C1dOZAyc/Properties', '{\'type\': \'INVALID_VALUE_FOR_COLUMN\', \'message\': \'Field "Estimated Value" cannot accept the provided value\'}')
⚠️ create failed (attempt 2/3): ('422 Client Error: Unprocessable Entity for url: https://api.airtable.com/v0/app3Aa7p8C1dOZAyc/Properties', '{\'type\': \'INVALID_VALUE_FOR_COLUMN\', \'message\': \'Field "Estimated Value" cannot accept the provided value\'}')
⚠️ create failed (attempt 3/3): ('422 Client Error: Unprocessable Entity for url: https://api.airtable.com/v0/app3Aa7p8C1dOZAyc/Properties', '{\'type\': \'INVALID_VALUE_FOR_COLUMN\', \'message\': \'Field "Estimated Value" cannot accept the provided value\'}')
❌ Upload failed → [Properties] (no key)
📦 Upload → [Properties] (no key)
⚠️ create failed (attempt 1/3): ('422 Client Error: Unprocessable Entity for url: https://api.airtable.com/v0/app3Aa7p8C1dOZAyc/Properties', '{\'type\': \'INVALID_VALUE_FOR_COLUMN\', \'message\': \'Field "Estimated Value" cannot accept the provided value\'}')
⚠️ create failed (attempt 2/3): ('422 Client Error: Unprocessable Entity for url: https://api.airtable.com/v0/app3Aa7p8C1dOZAyc/Properties', '{\'type\': \'INVALID_VALUE_FOR_COLUMN\', \'message\': \'Field "Estimated Value" cannot accept the provided value\'}')
⚠️ create failed (attempt 3/3): ('422 Client Error: Unprocessable Entity for url: https://api.airtable.com/v0/app3Aa7p8C1dOZAyc/Properties', '{\'type\': \'INVALID_VALUE_FOR_COLUMN\', \'message\': \'Field "Estimated Value" cannot accept the provided value\'}')
❌ Upload failed → [Properties] (no key)
📦 Upload → [Properties] (no key)
⚠️ create failed (attempt 1/3): ('422 Client Error: Unprocessable Entity for url: https://api.airtable.com/v0/app3Aa7p8C1dOZAyc/Properties', '{\'type\': \'INVALID_VALUE_FOR_COLUMN\', \'message\': \'Field "Estimated Value" cannot accept the provided value\'}')
⚠️ create failed (attempt 2/3): ('422 Client Error: Unprocessable Entity for url: https://api.airtable.com/v0/app3Aa7p8C1dOZAyc/Properties', '{\'type\': \'INVALID_VALUE_FOR_COLUMN\', \'message\': \'Field "Estimated Value" cannot accept the provided value\'}')
⚠️ create failed (attempt 3/3): ('422 Client Error: Unprocessable Entity for url: https://api.airtable.com/v0/app3Aa7p8C1dOZAyc/Properties', '{\'type\': \'INVALID_VALUE_FOR_COLUMN\', \'message\': \'Field "Estimated Value" cannot accept the provided value\'}')
❌ Upload failed → [Properties] (no key)
📊 Batch summary: {'total': 25, 'uploaded': 0, 'failed': 25, 'skipped': 0}
📦 Upload → [Properties] (no key)
⚠️ create failed (attempt 1/3): ('422 Client Error: Unprocessable Entity for url: https://api.airtable.com/v0/app3Aa7p8C1dOZAyc/Properties', '{\'type\': \'INVALID_VALUE_FOR_COLUMN\', \'message\': \'Field "Estimated Value" cannot accept the provided value\'}')
⚠️ create failed (attempt 2/3): ('422 Client Error: Unprocessable Entity for url: https://api.airtable.com/v0/app3Aa7p8C1dOZAyc/Properties', '{\'type\': \'INVALID_VALUE_FOR_COLUMN\', \'message\': \'Field "Estimated Value" cannot accept the provided value\'}')
⚠️ create failed (attempt 3/3): ('422 Client Error: Unprocessable Entity for url: https://api.airtable.com/v0/app3Aa7p8C1dOZAyc/Properties', '{\'type\': \'INVALID_VALUE_FOR_COLUMN\', \'message\': \'Field "Estimated Value" cannot accept the provided value\'}')
❌ Upload failed → [Properties] (no key)
📦 Upload → [Properties] (no key)
⚠️ create failed (attempt 1/3): ('422 Client Error: Unprocessable Entity for url: https://api.airtable.com/v0/app3Aa7p8C1dOZAyc/Properties', '{\'type\': \'INVALID_VALUE_FOR_COLUMN\', \'message\': \'Field "Estimated Value" cannot accept the provided value\'}')
⚠️ create failed (attempt 2/3): ('422 Client Error: Unprocessable Entity for url: https://api.airtable.com/v0/app3Aa7p8C1dOZAyc/Properties', '{\'type\': \'INVALID_VALUE_FOR_COLUMN\', \'message\': \'Field "Estimated Value" cannot accept the provided value\'}')
⚠️ create failed (attempt 3/3): ('422 Client Error: Unprocessable Entity for url: https://api.airtable.com/v0/app3Aa7p8C1dOZAyc/Properties', '{\'type\': \'INVALID_VALUE_FOR_COLUMN\', \'message\': \'Field "Estimated Value" cannot accept the provided value\'}')
❌ Upload failed → [Properties] (no key)
📦 Upload → [Properties] (no key)
⚠️ create failed (attempt 1/3): ('422 Client Error: Unprocessable Entity for url: https://api.airtable.com/v0/app3Aa7p8C1dOZAyc/Properties', '{\'type\': \'INVALID_VALUE_FOR_COLUMN\', \'message\': \'Field "Estimated Value" cannot accept the provided value\'}')
⚠️ create failed (attempt 2/3): ('422 Client Error: Unprocessable Entity for url: https://api.airtable.com/v0/app3Aa7p8C1dOZAyc/Properties', '{\'type\': \'INVALID_VALUE_FOR_COLUMN\', \'message\': \'Field "Estimated Value" cannot accept the provided value\'}')
⚠️ create failed (attempt 3/3): ('422 Client Error: Unprocessable Entity for url: https://api.airtable.com/v0/app3Aa7p8C1dOZAyc/Properties', '{\'type\': \'INVALID_VALUE_FOR_COLUMN\', \'message\': \'Field "Estimated Value" cannot accept the provided value\'}')
❌ Upload failed → [Properties] (no key)
📦 Upload → [Properties] (no key)
⚠️ create failed (attempt 1/3): ('422 Client Error: Unprocessable Entity for url: https://api.airtable.com/v0/app3Aa7p8C1dOZAyc/Properties', '{\'type\': \'INVALID_VALUE_FOR_COLUMN\', \'message\': \'Field "Estimated Value" cannot accept the provided value\'}')
⚠️ create failed (attempt 2/3): ('422 Client Error: Unprocessable Entity for url: https://api.airtable.com/v0/app3Aa7p8C1dOZAyc/Properties', '{\'type\': \'INVALID_VALUE_FOR_COLUMN\', \'message\': \'Field "Estimated Value" cannot accept the provided value\'}')
⚠️ create failed (attempt 3/3): ('422 Client Error: Unprocessable Entity for url: https://api.airtable.com/v0/app3Aa7p8C1dOZAyc/Properties', '{\'type\': \'INVALID_VALUE_FOR_COLUMN\', \'message\': \'Field "Estimated Value" cannot accept the provided value\'}')
❌ Upload failed → [Properties] (no key)
📦 Upload → [Properties] (no key)
⚠️ create failed (attempt 1/3): ('422 Client Error: Unprocessable Entity for url: https://api.airtable.com/v0/app3Aa7p8C1dOZAyc/Properties', '{\'type\': \'INVALID_VALUE_FOR_COLUMN\', \'message\': \'Field "Estimated Value" cannot accept the provided value\'}')
⚠️ create failed (attempt 2/3): ('422 Client Error: Unprocessable Entity for url: https://api.airtable.com/v0/app3Aa7p8C1dOZAyc/Properties', '{\'type\': \'INVALID_VALUE_FOR_COLUMN\', \'message\': \'Field "Estimated Value" cannot accept the provided value\'}')
⚠️ create failed (attempt 3/3): ('422 Client Error: Unprocessable Entity for url: https://api.airtable.com/v0/app3Aa7p8C1dOZAyc/Properties', '{\'type\': \'INVALID_VALUE_FOR_COLUMN\', \'message\': \'Field "Estimated Value" cannot accept the provided value\'}')
❌ Upload failed → [Properties] (no key)
📦 Upload → [Properties] (no key)
⚠️ create failed (attempt 1/3): ('422 Client Error: Unprocessable Entity for url: https://api.airtable.com/v0/app3Aa7p8C1dOZAyc/Properties', '{\'type\': \'INVALID_VALUE_FOR_COLUMN\', \'message\': \'Field "Estimated Value" cannot accept the provided value\'}')
⚠️ create failed (attempt 2/3): ('422 Client Error: Unprocessable Entity for url: https://api.airtable.com/v0/app3Aa7p8C1dOZAyc/Properties', '{\'type\': \'INVALID_VALUE_FOR_COLUMN\', \'message\': \'Field "Estimated Value" cannot accept the provided value\'}')
⚠️ create failed (attempt 3/3): ('422 Client Error: Unprocessable Entity for url: https://api.airtable.com/v0/app3Aa7p8C1dOZAyc/Properties', '{\'type\': \'INVALID_VALUE_FOR_COLUMN\', \'message\': \'Field "Estimated Value" cannot accept the provided value\'}')
❌ Upload failed → [Properties] (no key)
📦 Upload → [Properties] (no key)
⚠️ create failed (attempt 1/3): ('422 Client Error: Unprocessable Entity for url: https://api.airtable.com/v0/app3Aa7p8C1dOZAyc/Properties', '{\'type\': \'INVALID_VALUE_FOR_COLUMN\', \'message\': \'Field "Estimated Value" cannot accept the provided value\'}')
⚠️ create failed (attempt 2/3): ('422 Client Error: Unprocessable Entity for url: https://api.airtable.com/v0/app3Aa7p8C1dOZAyc/Properties', '{\'type\': \'INVALID_VALUE_FOR_COLUMN\', \'message\': \'Field "Estimated Value" cannot accept the provided value\'}')
⚠️ create failed (attempt 3/3): ('422 Client Error: Unprocessable Entity for url: https://api.airtable.com/v0/app3Aa7p8C1dOZAyc/Properties', '{\'type\': \'INVALID_VALUE_FOR_COLUMN\', \'message\': \'Field "Estimated Value" cannot accept the provided value\'}')
❌ Upload failed → [Properties] (no key)
📦 Upload → [Properties] (no key)
⚠️ create failed (attempt 1/3): ('422 Client Error: Unprocessable Entity for url: https://api.airtable.com/v0/app3Aa7p8C1dOZAyc/Properties', '{\'type\': \'INVALID_VALUE_FOR_COLUMN\', \'message\': \'Field "Estimated Value" cannot accept the provided value\'}')
⚠️ create failed (attempt 2/3): ('422 Client Error: Unprocessable Entity for url: https://api.airtable.com/v0/app3Aa7p8C1dOZAyc/Properties', '{\'type\': \'INVALID_VALUE_FOR_COLUMN\', \'message\': \'Field "Estimated Value" cannot accept the provided value\'}')
⚠️ create failed (attempt 3/3): ('422 Client Error: Unprocessable Entity for url: https://api.airtable.com/v0/app3Aa7p8C1dOZAyc/Properties', '{\'type\': \'INVALID_VALUE_FOR_COLUMN\', \'message\': \'Field "Estimated Value" cannot accept the provided value\'}')
❌ Upload failed → [Properties] (no key)
📦 Upload → [Properties] (no key)
⚠️ create failed (attempt 1/3): ('422 Client Error: Unprocessable Entity for url: https://api.airtable.com/v0/app3Aa7p8C1dOZAyc/Properties', '{\'type\': \'INVALID_VALUE_FOR_COLUMN\', \'message\': \'Field "Estimated Value" cannot accept the provided value\'}')
⚠️ create failed (attempt 2/3): ('422 Client Error: Unprocessable Entity for url: https://api.airtable.com/v0/app3Aa7p8C1dOZAyc/Properties', '{\'type\': \'INVALID_VALUE_FOR_COLUMN\', \'message\': \'Field "Estimated Value" cannot accept the provided value\'}')
⚠️ create failed (attempt 3/3): ('422 Client Error: Unprocessable Entity for url: https://api.airtable.com/v0/app3Aa7p8C1dOZAyc/Properties', '{\'type\': \'INVALID_VALUE_FOR_COLUMN\', \'message\': \'Field "Estimated Value" cannot accept the provided value\'}')
❌ Upload failed → [Properties] (no key)
📦 Upload → [Properties] (no key)
⚠️ create failed (attempt 1/3): ('422 Client Error: Unprocessable Entity for url: https://api.airtable.com/v0/app3Aa7p8C1dOZAyc/Properties', '{\'type\': \'INVALID_VALUE_FOR_COLUMN\', \'message\': \'Field "Estimated Value" cannot accept the provided value\'}')
⚠️ create failed (attempt 2/3): ('422 Client Error: Unprocessable Entity for url: https://api.airtable.com/v0/app3Aa7p8C1dOZAyc/Properties', '{\'type\': \'INVALID_VALUE_FOR_COLUMN\', \'message\': \'Field "Estimated Value" cannot accept the provided value\'}')
⚠️ create failed (attempt 3/3): ('422 Client Error: Unprocessable Entity for url: https://api.airtable.com/v0/app3Aa7p8C1dOZAyc/Properties', '{\'type\': \'INVALID_VALUE_FOR_COLUMN\', \'message\': \'Field "Estimated Value" cannot accept the provided value\'}')
❌ Upload failed → [Properties] (no key)
📦 Upload → [Properties] (no key)
⚠️ create failed (attempt 1/3): ('422 Client Error: Unprocessable Entity for url: https://api.airtable.com/v0/app3Aa7p8C1dOZAyc/Properties', '{\'type\': \'INVALID_VALUE_FOR_COLUMN\', \'message\': \'Field "Estimated Value" cannot accept the provided value\'}')
⚠️ create failed (attempt 2/3): ('422 Client Error: Unprocessable Entity for url: https://api.airtable.com/v0/app3Aa7p8C1dOZAyc/Properties', '{\'type\': \'INVALID_VALUE_FOR_COLUMN\', \'message\': \'Field "Estimated Value" cannot accept the provided value\'}')
⚠️ create failed (attempt 3/3): ('422 Client Error: Unprocessable Entity for url: https://api.airtable.com/v0/app3Aa7p8C1dOZAyc/Properties', '{\'type\': \'INVALID_VALUE_FOR_COLUMN\', \'message\': \'Field "Estimated Value" cannot accept the provided value\'}')
❌ Upload failed → [Properties] (no key)
📦 Upload → [Properties] (no key)
⚠️ create failed (attempt 1/3): ('422 Client Error: Unprocessable Entity for url: https://api.airtable.com/v0/app3Aa7p8C1dOZAyc/Properties', '{\'type\': \'INVALID_VALUE_FOR_COLUMN\', \'message\': \'Field "Estimated Value" cannot accept the provided value\'}')
⚠️ create failed (attempt 2/3): ('422 Client Error: Unprocessable Entity for url: https://api.airtable.com/v0/app3Aa7p8C1dOZAyc/Properties', '{\'type\': \'INVALID_VALUE_FOR_COLUMN\', \'message\': \'Field "Estimated Value" cannot accept the provided value\'}')
⚠️ create failed (attempt 3/3): ('422 Client Error: Unprocessable Entity for url: https://api.airtable.com/v0/app3Aa7p8C1dOZAyc/Properties', '{\'type\': \'INVALID_VALUE_FOR_COLUMN\', \'message\': \'Field "Estimated Value" cannot accept the provided value\'}')
❌ Upload failed → [Properties] (no key)
📦 Upload → [Properties] (no key)
⚠️ create failed (attempt 1/3): ('422 Client Error: Unprocessable Entity for url: https://api.airtable.com/v0/app3Aa7p8C1dOZAyc/Properties', '{\'type\': \'INVALID_VALUE_FOR_COLUMN\', \'message\': \'Field "Estimated Value" cannot accept the provided value\'}')
⚠️ create failed (attempt 2/3): ('422 Client Error: Unprocessable Entity for url: https://api.airtable.com/v0/app3Aa7p8C1dOZAyc/Properties', '{\'type\': \'INVALID_VALUE_FOR_COLUMN\', \'message\': \'Field "Estimated Value" cannot accept the provided value\'}')
⚠️ create failed (attempt 3/3): ('422 Client Error: Unprocessable Entity for url: https://api.airtable.com/v0/app3Aa7p8C1dOZAyc/Properties', '{\'type\': \'INVALID_VALUE_FOR_COLUMN\', \'message\': \'Field "Estimated Value" cannot accept the provided value\'}')
❌ Upload failed → [Properties] (no key)
📦 Upload → [Properties] (no key)
⚠️ create failed (attempt 1/3): ('422 Client Error: Unprocessable Entity for url: https://api.airtable.com/v0/app3Aa7p8C1dOZAyc/Properties', '{\'type\': \'INVALID_VALUE_FOR_COLUMN\', \'message\': \'Field "Estimated Value" cannot accept the provided value\'}')
⚠️ create failed (attempt 2/3): ('422 Client Error: Unprocessable Entity for url: https://api.airtable.com/v0/app3Aa7p8C1dOZAyc/Properties', '{\'type\': \'INVALID_VALUE_FOR_COLUMN\', \'message\': \'Field "Estimated Value" cannot accept the provided value\'}')
⚠️ create failed (attempt 3/3): ('422 Client Error: Unprocessable Entity for url: https://api.airtable.com/v0/app3Aa7p8C1dOZAyc/Properties', '{\'type\': \'INVALID_VALUE_FOR_COLUMN\', \'message\': \'Field "Estimated Value" cannot accept the provided value\'}')
❌ Upload failed → [Properties] (no key)
📦 Upload → [Properties] (no key)
⚠️ create failed (attempt 1/3): ('422 Client Error: Unprocessable Entity for url: https://api.airtable.com/v0/app3Aa7p8C1dOZAyc/Properties', '{\'type\': \'INVALID_VALUE_FOR_COLUMN\', \'message\': \'Field "Estimated Value" cannot accept the provided value\'}')
⚠️ create failed (attempt 2/3): ('422 Client Error: Unprocessable Entity for url: https://api.airtable.com/v0/app3Aa7p8C1dOZAyc/Properties', '{\'type\': \'INVALID_VALUE_FOR_COLUMN\', \'message\': \'Field "Estimated Value" cannot accept the provided value\'}')
⚠️ create failed (attempt 3/3): ('422 Client Error: Unprocessable Entity for url: https://api.airtable.com/v0/app3Aa7p8C1dOZAyc/Properties', '{\'type\': \'INVALID_VALUE_FOR_COLUMN\', \'message\': \'Field "Estimated Value" cannot accept the provided value\'}')
❌ Upload failed → [Properties] (no key)
📦 Upload → [Properties] (no key)
⚠️ create failed (attempt 1/3): ('422 Client Error: Unprocessable Entity for url: https://api.airtable.com/v0/app3Aa7p8C1dOZAyc/Properties', '{\'type\': \'INVALID_VALUE_FOR_COLUMN\', \'message\': \'Field "Estimated Value" cannot accept the provided value\'}')
⚠️ create failed (attempt 2/3): ('422 Client Error: Unprocessable Entity for url: https://api.airtable.com/v0/app3Aa7p8C1dOZAyc/Properties', '{\'type\': \'INVALID_VALUE_FOR_COLUMN\', \'message\': \'Field "Estimated Value" cannot accept the provided value\'}')
⚠️ create failed (attempt 3/3): ('422 Client Error: Unprocessable Entity for url: https://api.airtable.com/v0/app3Aa7p8C1dOZAyc/Properties', '{\'type\': \'INVALID_VALUE_FOR_COLUMN\', \'message\': \'Field "Estimated Value" cannot accept the provided value\'}')
❌ Upload failed → [Properties] (no key)
📦 Upload → [Properties] (no key)
⚠️ create failed (attempt 1/3): ('422 Client Error: Unprocessable Entity for url: https://api.airtable.com/v0/app3Aa7p8C1dOZAyc/Properties', '{\'type\': \'INVALID_VALUE_FOR_COLUMN\', \'message\': \'Field "Estimated Value" cannot accept the provided value\'}')
⚠️ create failed (attempt 2/3): ('422 Client Error: Unprocessable Entity for url: https://api.airtable.com/v0/app3Aa7p8C1dOZAyc/Properties', '{\'type\': \'INVALID_VALUE_FOR_COLUMN\', \'message\': \'Field "Estimated Value" cannot accept the provided value\'}')
⚠️ create failed (attempt 3/3): ('422 Client Error: Unprocessable Entity for url: https://api.airtable.com/v0/app3Aa7p8C1dOZAyc/Properties', '{\'type\': \'INVALID_VALUE_FOR_COLUMN\', \'message\': \'Field "Estimated Value" cannot accept the provided value\'}')
❌ Upload failed → [Properties] (no key)
📦 Upload → [Properties] (no key)
⚠️ create failed (attempt 1/3): ('422 Client Error: Unprocessable Entity for url: https://api.airtable.com/v0/app3Aa7p8C1dOZAyc/Properties', '{\'type\': \'INVALID_VALUE_FOR_COLUMN\', \'message\': \'Field "Estimated Value" cannot accept the provided value\'}')
⚠️ create failed (attempt 2/3): ('422 Client Error: Unprocessable Entity for url: https://api.airtable.com/v0/app3Aa7p8C1dOZAyc/Properties', '{\'type\': \'INVALID_VALUE_FOR_COLUMN\', \'message\': \'Field "Estimated Value" cannot accept the provided value\'}')
⚠️ create failed (attempt 3/3): ('422 Client Error: Unprocessable Entity for url: https://api.airtable.com/v0/app3Aa7p8C1dOZAyc/Properties', '{\'type\': \'INVALID_VALUE_FOR_COLUMN\', \'message\': \'Field "Estimated Value" cannot accept the provided value\'}')
❌ Upload failed → [Properties] (no key)
📦 Upload → [Properties] (no key)
⚠️ create failed (attempt 1/3): ('422 Client Error: Unprocessable Entity for url: https://api.airtable.com/v0/app3Aa7p8C1dOZAyc/Properties', '{\'type\': \'INVALID_VALUE_FOR_COLUMN\', \'message\': \'Field "Estimated Value" cannot accept the provided value\'}')
⚠️ create failed (attempt 2/3): ('422 Client Error: Unprocessable Entity for url: https://api.airtable.com/v0/app3Aa7p8C1dOZAyc/Properties', '{\'type\': \'INVALID_VALUE_FOR_COLUMN\', \'message\': \'Field "Estimated Value" cannot accept the provided value\'}')
⚠️ create failed (attempt 3/3): ('422 Client Error: Unprocessable Entity for url: https://api.airtable.com/v0/app3Aa7p8C1dOZAyc/Properties', '{\'type\': \'INVALID_VALUE_FOR_COLUMN\', \'message\': \'Field "Estimated Value" cannot accept the provided value\'}')
❌ Upload failed → [Properties] (no key)
📦 Upload → [Properties] (no key)
⚠️ create failed (attempt 1/3): ('422 Client Error: Unprocessable Entity for url: https://api.airtable.com/v0/app3Aa7p8C1dOZAyc/Properties', '{\'type\': \'INVALID_VALUE_FOR_COLUMN\', \'message\': \'Field "Estimated Value" cannot accept the provided value\'}')
⚠️ create failed (attempt 2/3): ('422 Client Error: Unprocessable Entity for url: https://api.airtable.com/v0/app3Aa7p8C1dOZAyc/Properties', '{\'type\': \'INVALID_VALUE_FOR_COLUMN\', \'message\': \'Field "Estimated Value" cannot accept the provided value\'}')
⚠️ create failed (attempt 3/3): ('422 Client Error: Unprocessable Entity for url: https://api.airtable.com/v0/app3Aa7p8C1dOZAyc/Properties', '{\'type\': \'INVALID_VALUE_FOR_COLUMN\', \'message\': \'Field "Estimated Value" cannot accept the provided value\'}')
❌ Upload failed → [Properties] (no key)
📦 Upload → [Properties] (no key)
⚠️ create failed (attempt 1/3): ('422 Client Error: Unprocessable Entity for url: https://api.airtable.com/v0/app3Aa7p8C1dOZAyc/Properties', '{\'type\': \'INVALID_VALUE_FOR_COLUMN\', \'message\': \'Field "Estimated Value" cannot accept the provided value\'}')
⚠️ create failed (attempt 2/3): ('422 Client Error: Unprocessable Entity for url: https://api.airtable.com/v0/app3Aa7p8C1dOZAyc/Properties', '{\'type\': \'INVALID_VALUE_FOR_COLUMN\', \'message\': \'Field "Estimated Value" cannot accept the provided value\'}')
⚠️ create failed (attempt 3/3): ('422 Client Error: Unprocessable Entity for url: https://api.airtable.com/v0/app3Aa7p8C1dOZAyc/Properties', '{\'type\': \'INVALID_VALUE_FOR_COLUMN\', \'message\': \'Field "Estimated Value" cannot accept the provided value\'}')
❌ Upload failed → [Properties] (no key)
📦 Upload → [Properties] (no key)
⚠️ create failed (attempt 1/3): ('422 Client Error: Unprocessable Entity for url: https://api.airtable.com/v0/app3Aa7p8C1dOZAyc/Properties', '{\'type\': \'INVALID_VALUE_FOR_COLUMN\', \'message\': \'Field "Estimated Value" cannot accept the provided value\'}')
⚠️ create failed (attempt 2/3): ('422 Client Error: Unprocessable Entity for url: https://api.airtable.com/v0/app3Aa7p8C1dOZAyc/Properties', '{\'type\': \'INVALID_VALUE_FOR_COLUMN\', \'message\': \'Field "Estimated Value" cannot accept the provided value\'}')
⚠️ create failed (attempt 3/3): ('422 Client Error: Unprocessable Entity for url: https://api.airtable.com/v0/app3Aa7p8C1dOZAyc/Properties', '{\'type\': \'INVALID_VALUE_FOR_COLUMN\', \'message\': \'Field "Estimated Value" cannot accept the provided value\'}')
❌ Upload failed → [Properties] (no key)
📦 Upload → [Properties] (no key)
⚠️ create failed (attempt 1/3): ('422 Client Error: Unprocessable Entity for url: https://api.airtable.com/v0/app3Aa7p8C1dOZAyc/Properties', '{\'type\': \'INVALID_VALUE_FOR_COLUMN\', \'message\': \'Field "Estimated Value" cannot accept the provided value\'}')
⚠️ create failed (attempt 2/3): ('422 Client Error: Unprocessable Entity for url: https://api.airtable.com/v0/app3Aa7p8C1dOZAyc/Properties', '{\'type\': \'INVALID_VALUE_FOR_COLUMN\', \'message\': \'Field "Estimated Value" cannot accept the provided value\'}')
⚠️ create failed (attempt 3/3): ('422 Client Error: Unprocessable Entity for url: https://api.airtable.com/v0/app3Aa7p8C1dOZAyc/Properties', '{\'type\': \'INVALID_VALUE_FOR_COLUMN\', \'message\': \'Field "Estimated Value" cannot accept the provided value\'}')
❌ Upload failed → [Properties] (no key)
📦 Upload → [Properties] (no key)
⚠️ create failed (attempt 1/3): ('422 Client Error: Unprocessable Entity for url: https://api.airtable.com/v0/app3Aa7p8C1dOZAyc/Properties', '{\'type\': \'INVALID_VALUE_FOR_COLUMN\', \'message\': \'Field "Estimated Value" cannot accept the provided value\'}')
⚠️ create failed (attempt 2/3): ('422 Client Error: Unprocessable Entity for url: https://api.airtable.com/v0/app3Aa7p8C1dOZAyc/Properties', '{\'type\': \'INVALID_VALUE_FOR_COLUMN\', \'message\': \'Field "Estimated Value" cannot accept the provided value\'}')
⚠️ create failed (attempt 3/3): ('422 Client Error: Unprocessable Entity for url: https://api.airtable.com/v0/app3Aa7p8C1dOZAyc/Properties', '{\'type\': \'INVALID_VALUE_FOR_COLUMN\', \'message\': \'Field "Estimated Value" cannot accept the provided value\'}')
❌ Upload failed → [Properties] (no key)
📦 Upload → [Properties] (no key)
⚠️ create failed (attempt 1/3): ('422 Client Error: Unprocessable Entity for url: https://api.airtable.com/v0/app3Aa7p8C1dOZAyc/Properties', '{\'type\': \'INVALID_VALUE_FOR_COLUMN\', \'message\': \'Field "Estimated Value" cannot accept the provided value\'}')
⚠️ create failed (attempt 2/3): ('422 Client Error: Unprocessable Entity for url: https://api.airtable.com/v0/app3Aa7p8C1dOZAyc/Properties', '{\'type\': \'INVALID_VALUE_FOR_COLUMN\', \'message\': \'Field "Estimated Value" cannot accept the provided value\'}')
⚠️ create failed (attempt 3/3): ('422 Client Error: Unprocessable Entity for url: https://api.airtable.com/v0/app3Aa7p8C1dOZAyc/Properties', '{\'type\': \'INVALID_VALUE_FOR_COLUMN\', \'message\': \'Field "Estimated Value" cannot accept the provided value\'}')
❌ Upload failed → [Properties] (no key)
📊 Batch summary: {'total': 25, 'uploaded': 0, 'failed': 25, 'skipped': 0}
